2020-07-09 15:56:10,425 [5] (null) DEBUG eShopLegacyMVC.MvcApplication - /, Mozilla/5.0 (Windows NT 10.0; Win64; x64) AppleWebKit/537.36 (KHTML, like Gecko) Chrome/83.0.4103.116 Safari/537.36
WebApplication_BeginRequest

2020-07-09 15:56:10,622 [5] (null) INFO eShopLegacyMVC.Controllers.CatalogController - /, Mozilla/5.0 (Windows NT 10.0; Win64; x64) AppleWebKit/537.36 (KHTML, like Gecko) Chrome/83.0.4103.116 Safari/537.36
Now loading... /Catalog/Index?pageSize=10&pageIndex=0

2020-07-09 15:56:13,614 [5] (null) DEBUG eShopLegacyMVC.Controllers.CatalogController - /, Mozilla/5.0 (Windows NT 10.0; Win64; x64) AppleWebKit/537.36 (KHTML, like Gecko) Chrome/83.0.4103.116 Safari/537.36
Now disposing

2020-07-09 15:56:13,647 [5] (null) DEBUG eShopLegacyMVC.Controllers.CatalogController - /, Mozilla/5.0 (Windows NT 10.0; Win64; x64) AppleWebKit/537.36 (KHTML, like Gecko) Chrome/83.0.4103.116 Safari/537.36
Now disposing

2020-07-09 15:56:13,837 [8] (null) DEBUG eShopLegacyMVC.MvcApplication - /items/3/pic, Mozilla/5.0 (Windows NT 10.0; Win64; x64) AppleWebKit/537.36 (KHTML, like Gecko) Chrome/83.0.4103.116 Safari/537.36
WebApplication_BeginRequest

2020-07-09 15:56:13,850 [9] (null) DEBUG eShopLegacyMVC.MvcApplication - /items/5/pic, Mozilla/5.0 (Windows NT 10.0; Win64; x64) AppleWebKit/537.36 (KHTML, like Gecko) Chrome/83.0.4103.116 Safari/537.36
WebApplication_BeginRequest

2020-07-09 15:56:13,850 [10] (null) DEBUG eShopLegacyMVC.MvcApplication - /items/4/pic, Mozilla/5.0 (Windows NT 10.0; Win64; x64) AppleWebKit/537.36 (KHTML, like Gecko) Chrome/83.0.4103.116 Safari/537.36
WebApplication_BeginRequest

2020-07-09 15:56:13,882 [6] (null) DEBUG eShopLegacyMVC.MvcApplication - /items/2/pic, Mozilla/5.0 (Windows NT 10.0; Win64; x64) AppleWebKit/537.36 (KHTML, like Gecko) Chrome/83.0.4103.116 Safari/537.36
WebApplication_BeginRequest

2020-07-09 15:56:13,883 [5] (null) DEBUG eShopLegacyMVC.MvcApplication - /items/1/pic, Mozilla/5.0 (Windows NT 10.0; Win64; x64) AppleWebKit/537.36 (KHTML, like Gecko) Chrome/83.0.4103.116 Safari/537.36
WebApplication_BeginRequest

2020-07-09 15:56:13,918 [8] (null) INFO eShopLegacyMVC.Controllers.PicController - /items/3/pic, Mozilla/5.0 (Windows NT 10.0; Win64; x64) AppleWebKit/537.36 (KHTML, like Gecko) Chrome/83.0.4103.116 Safari/537.36
Now loading... /items/Index?3/pic

2020-07-09 15:56:13,931 [6] (null) DEBUG eShopLegacyMVC.MvcApplication - /items/7/pic, Mozilla/5.0 (Windows NT 10.0; Win64; x64) AppleWebKit/537.36 (KHTML, like Gecko) Chrome/83.0.4103.116 Safari/537.36
WebApplication_BeginRequest

2020-07-09 15:56:13,935 [6] (null) INFO eShopLegacyMVC.Controllers.PicController - /items/7/pic, Mozilla/5.0 (Windows NT 10.0; Win64; x64) AppleWebKit/537.36 (KHTML, like Gecko) Chrome/83.0.4103.116 Safari/537.36
Now loading... /items/Index?7/pic

2020-07-09 15:56:13,966 [8] (null) DEBUG eShopLegacyMVC.MvcApplication - /items/6/pic, Mozilla/5.0 (Windows NT 10.0; Win64; x64) AppleWebKit/537.36 (KHTML, like Gecko) Chrome/83.0.4103.116 Safari/537.36
WebApplication_BeginRequest

2020-07-09 15:56:13,968 [8] (null) INFO eShopLegacyMVC.Controllers.PicController - /items/6/pic, Mozilla/5.0 (Windows NT 10.0; Win64; x64) AppleWebKit/537.36 (KHTML, like Gecko) Chrome/83.0.4103.116 Safari/537.36
Now loading... /items/Index?6/pic

2020-07-09 15:56:13,988 [5] (null) DEBUG eShopLegacyMVC.MvcApplication - /items/8/pic, Mozilla/5.0 (Windows NT 10.0; Win64; x64) AppleWebKit/537.36 (KHTML, like Gecko) Chrome/83.0.4103.116 Safari/537.36
WebApplication_BeginRequest

2020-07-09 15:56:13,990 [5] (null) INFO eShopLegacyMVC.Controllers.PicController - /items/8/pic, Mozilla/5.0 (Windows NT 10.0; Win64; x64) AppleWebKit/537.36 (KHTML, like Gecko) Chrome/83.0.4103.116 Safari/537.36
Now loading... /items/Index?8/pic

2020-07-09 15:56:13,999 [7] (null) DEBUG eShopLegacyMVC.MvcApplication - /items/10/pic, Mozilla/5.0 (Windows NT 10.0; Win64; x64) AppleWebKit/537.36 (KHTML, like Gecko) Chrome/83.0.4103.116 Safari/537.36
WebApplication_BeginRequest

2020-07-09 15:56:14,001 [7] (null) INFO eShopLegacyMVC.Controllers.PicController - /items/10/pic, Mozilla/5.0 (Windows NT 10.0; Win64; x64) AppleWebKit/537.36 (KHTML, like Gecko) Chrome/83.0.4103.116 Safari/537.36
Now loading... /items/Index?10/pic

2020-07-09 15:56:14,010 [8] (null) DEBUG eShopLegacyMVC.MvcApplication - /items/9/pic, Mozilla/5.0 (Windows NT 10.0; Win64; x64) AppleWebKit/537.36 (KHTML, like Gecko) Chrome/83.0.4103.116 Safari/537.36
WebApplication_BeginRequest

2020-07-09 15:56:14,014 [8] (null) INFO eShopLegacyMVC.Controllers.PicController - /items/9/pic, Mozilla/5.0 (Windows NT 10.0; Win64; x64) AppleWebKit/537.36 (KHTML, like Gecko) Chrome/83.0.4103.116 Safari/537.36
Now loading... /items/Index?9/pic

2020-07-09 15:56:14,402 [9] (null) INFO eShopLegacyMVC.Controllers.PicController - (null)
Now loading... /items/Index?1/pic

2020-07-09 15:56:14,913 [12] (null) INFO eShopLegacyMVC.Controllers.PicController - (null)
Now loading... /items/Index?2/pic

2020-07-09 15:56:15,410 [11] (null) INFO eShopLegacyMVC.Controllers.PicController - (null)
Now loading... /items/Index?4/pic

2020-07-09 15:56:15,912 [7] (null) INFO eShopLegacyMVC.Controllers.PicController - (null)
Now loading... /items/Index?5/pic

2020-07-09 16:02:44,155 [5] (null) DEBUG eShopLegacyMVC.MvcApplication - /, Mozilla/5.0 (Windows NT 10.0; Win64; x64) AppleWebKit/537.36 (KHTML, like Gecko) Chrome/83.0.4103.116 Safari/537.36
WebApplication_BeginRequest

2020-07-09 16:02:44,422 [5] (null) INFO eShopLegacyMVC.Controllers.CatalogController - /, Mozilla/5.0 (Windows NT 10.0; Win64; x64) AppleWebKit/537.36 (KHTML, like Gecko) Chrome/83.0.4103.116 Safari/537.36
Now loading... /Catalog/Index?pageSize=10&pageIndex=0

2020-07-09 16:02:46,707 [5] (null) DEBUG eShopLegacyMVC.Controllers.CatalogController - /, Mozilla/5.0 (Windows NT 10.0; Win64; x64) AppleWebKit/537.36 (KHTML, like Gecko) Chrome/83.0.4103.116 Safari/537.36
Now disposing

2020-07-09 16:02:46,727 [5] (null) DEBUG eShopLegacyMVC.Controllers.CatalogController - /, Mozilla/5.0 (Windows NT 10.0; Win64; x64) AppleWebKit/537.36 (KHTML, like Gecko) Chrome/83.0.4103.116 Safari/537.36
Now disposing

2020-07-09 16:02:46,929 [8] (null) DEBUG eShopLegacyMVC.MvcApplication - /items/4/pic, Mozilla/5.0 (Windows NT 10.0; Win64; x64) AppleWebKit/537.36 (KHTML, like Gecko) Chrome/83.0.4103.116 Safari/537.36
WebApplication_BeginRequest

2020-07-09 16:02:46,929 [7] (null) DEBUG eShopLegacyMVC.MvcApplication - /items/1/pic, Mozilla/5.0 (Windows NT 10.0; Win64; x64) AppleWebKit/537.36 (KHTML, like Gecko) Chrome/83.0.4103.116 Safari/537.36
WebApplication_BeginRequest

2020-07-09 16:02:46,936 [9] (null) DEBUG eShopLegacyMVC.MvcApplication - /items/5/pic, Mozilla/5.0 (Windows NT 10.0; Win64; x64) AppleWebKit/537.36 (KHTML, like Gecko) Chrome/83.0.4103.116 Safari/537.36
WebApplication_BeginRequest

2020-07-09 16:02:46,936 [6] (null) DEBUG eShopLegacyMVC.MvcApplication - /items/2/pic, Mozilla/5.0 (Windows NT 10.0; Win64; x64) AppleWebKit/537.36 (KHTML, like Gecko) Chrome/83.0.4103.116 Safari/537.36
WebApplication_BeginRequest

2020-07-09 16:02:46,936 [5] (null) DEBUG eShopLegacyMVC.MvcApplication - /items/3/pic, Mozilla/5.0 (Windows NT 10.0; Win64; x64) AppleWebKit/537.36 (KHTML, like Gecko) Chrome/83.0.4103.116 Safari/537.36
WebApplication_BeginRequest

2020-07-09 16:02:46,967 [10] (null) DEBUG eShopLegacyMVC.MvcApplication - /items/6/pic, Mozilla/5.0 (Windows NT 10.0; Win64; x64) AppleWebKit/537.36 (KHTML, like Gecko) Chrome/83.0.4103.116 Safari/537.36
WebApplication_BeginRequest

2020-07-09 16:02:46,982 [5] (null) INFO eShopLegacyMVC.Controllers.PicController - /items/3/pic, Mozilla/5.0 (Windows NT 10.0; Win64; x64) AppleWebKit/537.36 (KHTML, like Gecko) Chrome/83.0.4103.116 Safari/537.36
Now loading... /items/Index?3/pic

2020-07-09 16:02:47,008 [5] (null) DEBUG eShopLegacyMVC.MvcApplication - /items/9/pic, Mozilla/5.0 (Windows NT 10.0; Win64; x64) AppleWebKit/537.36 (KHTML, like Gecko) Chrome/83.0.4103.116 Safari/537.36
WebApplication_BeginRequest

2020-07-09 16:02:47,011 [5] (null) INFO eShopLegacyMVC.Controllers.PicController - /items/9/pic, Mozilla/5.0 (Windows NT 10.0; Win64; x64) AppleWebKit/537.36 (KHTML, like Gecko) Chrome/83.0.4103.116 Safari/537.36
Now loading... /items/Index?9/pic

2020-07-09 16:02:47,030 [5] (null) DEBUG eShopLegacyMVC.MvcApplication - /items/7/pic, Mozilla/5.0 (Windows NT 10.0; Win64; x64) AppleWebKit/537.36 (KHTML, like Gecko) Chrome/83.0.4103.116 Safari/537.36
WebApplication_BeginRequest

2020-07-09 16:02:47,032 [5] (null) INFO eShopLegacyMVC.Controllers.PicController - /items/7/pic, Mozilla/5.0 (Windows NT 10.0; Win64; x64) AppleWebKit/537.36 (KHTML, like Gecko) Chrome/83.0.4103.116 Safari/537.36
Now loading... /items/Index?7/pic

2020-07-09 16:02:47,052 [7] (null) DEBUG eShopLegacyMVC.MvcApplication - /items/8/pic, Mozilla/5.0 (Windows NT 10.0; Win64; x64) AppleWebKit/537.36 (KHTML, like Gecko) Chrome/83.0.4103.116 Safari/537.36
WebApplication_BeginRequest

2020-07-09 16:02:47,053 [7] (null) INFO eShopLegacyMVC.Controllers.PicController - /items/8/pic, Mozilla/5.0 (Windows NT 10.0; Win64; x64) AppleWebKit/537.36 (KHTML, like Gecko) Chrome/83.0.4103.116 Safari/537.36
Now loading... /items/Index?8/pic

2020-07-09 16:02:47,072 [6] (null) DEBUG eShopLegacyMVC.MvcApplication - /items/10/pic, Mozilla/5.0 (Windows NT 10.0; Win64; x64) AppleWebKit/537.36 (KHTML, like Gecko) Chrome/83.0.4103.116 Safari/537.36
WebApplication_BeginRequest

2020-07-09 16:02:47,075 [6] (null) INFO eShopLegacyMVC.Controllers.PicController - /items/10/pic, Mozilla/5.0 (Windows NT 10.0; Win64; x64) AppleWebKit/537.36 (KHTML, like Gecko) Chrome/83.0.4103.116 Safari/537.36
Now loading... /items/Index?10/pic

2020-07-09 16:02:47,444 [5] (null) INFO eShopLegacyMVC.Controllers.PicController - (null)
Now loading... /items/Index?2/pic

2020-07-09 16:02:47,483 [7] (null) INFO eShopLegacyMVC.Controllers.PicController - (null)
Now loading... /items/Index?6/pic

2020-07-09 16:02:47,943 [12] (null) INFO eShopLegacyMVC.Controllers.PicController - (null)
Now loading... /items/Index?4/pic

2020-07-09 16:02:48,441 [7] (null) INFO eShopLegacyMVC.Controllers.PicController - (null)
Now loading... /items/Index?5/pic

2020-07-09 16:02:48,943 [6] (null) INFO eShopLegacyMVC.Controllers.PicController - (null)
Now loading... /items/Index?1/pic

2020-07-09 16:10:44,859 [9] (null) DEBUG eShopLegacyMVC.MvcApplication - /, Mozilla/5.0 (Windows NT 10.0; Win64; x64) AppleWebKit/537.36 (KHTML, like Gecko) Chrome/83.0.4103.116 Safari/537.36
WebApplication_BeginRequest

2020-07-09 16:11:16,576 [9] (null) DEBUG eShopLegacyMVC.MvcApplication - /, Mozilla/5.0 (Windows NT 10.0; Win64; x64) AppleWebKit/537.36 (KHTML, like Gecko) Chrome/83.0.4103.116 Safari/537.36
WebApplication_BeginRequest

2020-07-09 16:11:16,796 [9] (null) INFO eShopLegacyMVC.Controllers.CatalogController - /, Mozilla/5.0 (Windows NT 10.0; Win64; x64) AppleWebKit/537.36 (KHTML, like Gecko) Chrome/83.0.4103.116 Safari/537.36
Now loading... /Catalog/Index?pageSize=10&pageIndex=0

2020-07-09 16:11:18,556 [9] (null) DEBUG eShopLegacyMVC.Controllers.CatalogController - /, Mozilla/5.0 (Windows NT 10.0; Win64; x64) AppleWebKit/537.36 (KHTML, like Gecko) Chrome/83.0.4103.116 Safari/537.36
Now disposing

2020-07-09 16:11:18,575 [9] (null) DEBUG eShopLegacyMVC.Controllers.CatalogController - /, Mozilla/5.0 (Windows NT 10.0; Win64; x64) AppleWebKit/537.36 (KHTML, like Gecko) Chrome/83.0.4103.116 Safari/537.36
Now disposing

2020-07-09 16:11:18,735 [12] (null) DEBUG eShopLegacyMVC.MvcApplication - /items/1/pic, Mozilla/5.0 (Windows NT 10.0; Win64; x64) AppleWebKit/537.36 (KHTML, like Gecko) Chrome/83.0.4103.116 Safari/537.36
WebApplication_BeginRequest

2020-07-09 16:11:18,747 [15] (null) DEBUG eShopLegacyMVC.MvcApplication - /items/5/pic, Mozilla/5.0 (Windows NT 10.0; Win64; x64) AppleWebKit/537.36 (KHTML, like Gecko) Chrome/83.0.4103.116 Safari/537.36
WebApplication_BeginRequest

2020-07-09 16:11:18,748 [13] (null) DEBUG eShopLegacyMVC.MvcApplication - /items/4/pic, Mozilla/5.0 (Windows NT 10.0; Win64; x64) AppleWebKit/537.36 (KHTML, like Gecko) Chrome/83.0.4103.116 Safari/537.36
WebApplication_BeginRequest

2020-07-09 16:11:18,760 [9] (null) DEBUG eShopLegacyMVC.MvcApplication - /items/2/pic, Mozilla/5.0 (Windows NT 10.0; Win64; x64) AppleWebKit/537.36 (KHTML, like Gecko) Chrome/83.0.4103.116 Safari/537.36
WebApplication_BeginRequest

2020-07-09 16:11:18,766 [11] (null) DEBUG eShopLegacyMVC.MvcApplication - /items/3/pic, Mozilla/5.0 (Windows NT 10.0; Win64; x64) AppleWebKit/537.36 (KHTML, like Gecko) Chrome/83.0.4103.116 Safari/537.36
WebApplication_BeginRequest

2020-07-09 16:11:18,774 [6] (null) DEBUG eShopLegacyMVC.MvcApplication - /items/6/pic, Mozilla/5.0 (Windows NT 10.0; Win64; x64) AppleWebKit/537.36 (KHTML, like Gecko) Chrome/83.0.4103.116 Safari/537.36
WebApplication_BeginRequest

2020-07-09 16:11:18,789 [15] (null) INFO eShopLegacyMVC.Controllers.PicController - /items/5/pic, Mozilla/5.0 (Windows NT 10.0; Win64; x64) AppleWebKit/537.36 (KHTML, like Gecko) Chrome/83.0.4103.116 Safari/537.36
Now loading... /items/Index?5/pic

2020-07-09 16:11:18,811 [11] (null) DEBUG eShopLegacyMVC.MvcApplication - /items/7/pic, Mozilla/5.0 (Windows NT 10.0; Win64; x64) AppleWebKit/537.36 (KHTML, like Gecko) Chrome/83.0.4103.116 Safari/537.36
WebApplication_BeginRequest

2020-07-09 16:11:18,813 [11] (null) INFO eShopLegacyMVC.Controllers.PicController - /items/7/pic, Mozilla/5.0 (Windows NT 10.0; Win64; x64) AppleWebKit/537.36 (KHTML, like Gecko) Chrome/83.0.4103.116 Safari/537.36
Now loading... /items/Index?7/pic

2020-07-09 16:11:18,826 [12] (null) DEBUG eShopLegacyMVC.MvcApplication - /items/10/pic, Mozilla/5.0 (Windows NT 10.0; Win64; x64) AppleWebKit/537.36 (KHTML, like Gecko) Chrome/83.0.4103.116 Safari/537.36
WebApplication_BeginRequest

2020-07-09 16:11:18,827 [12] (null) INFO eShopLegacyMVC.Controllers.PicController - /items/10/pic, Mozilla/5.0 (Windows NT 10.0; Win64; x64) AppleWebKit/537.36 (KHTML, like Gecko) Chrome/83.0.4103.116 Safari/537.36
Now loading... /items/Index?10/pic

2020-07-09 16:11:18,842 [11] (null) DEBUG eShopLegacyMVC.MvcApplication - /items/9/pic, Mozilla/5.0 (Windows NT 10.0; Win64; x64) AppleWebKit/537.36 (KHTML, like Gecko) Chrome/83.0.4103.116 Safari/537.36
WebApplication_BeginRequest

2020-07-09 16:11:18,842 [11] (null) INFO eShopLegacyMVC.Controllers.PicController - /items/9/pic, Mozilla/5.0 (Windows NT 10.0; Win64; x64) AppleWebKit/537.36 (KHTML, like Gecko) Chrome/83.0.4103.116 Safari/537.36
Now loading... /items/Index?9/pic

2020-07-09 16:11:18,854 [9] (null) DEBUG eShopLegacyMVC.MvcApplication - /items/8/pic, Mozilla/5.0 (Windows NT 10.0; Win64; x64) AppleWebKit/537.36 (KHTML, like Gecko) Chrome/83.0.4103.116 Safari/537.36
WebApplication_BeginRequest

2020-07-09 16:11:18,856 [9] (null) INFO eShopLegacyMVC.Controllers.PicController - /items/8/pic, Mozilla/5.0 (Windows NT 10.0; Win64; x64) AppleWebKit/537.36 (KHTML, like Gecko) Chrome/83.0.4103.116 Safari/537.36
Now loading... /items/Index?8/pic

2020-07-09 16:11:19,265 [12] (null) INFO eShopLegacyMVC.Controllers.PicController - (null)
Now loading... /items/Index?1/pic

2020-07-09 16:11:19,272 [20] (null) INFO eShopLegacyMVC.Controllers.PicController - (null)
Now loading... /items/Index?2/pic

2020-07-09 16:11:19,296 [6] (null) INFO eShopLegacyMVC.Controllers.PicController - (null)
Now loading... /items/Index?3/pic

2020-07-09 16:11:19,772 [9] (null) INFO eShopLegacyMVC.Controllers.PicController - (null)
Now loading... /items/Index?4/pic

2020-07-09 16:11:19,803 [13] (null) INFO eShopLegacyMVC.Controllers.PicController - (null)
Now loading... /items/Index?6/pic

2020-07-09 16:12:23,534 [11] (null) DEBUG eShopLegacyMVC.MvcApplication - /, Mozilla/5.0 (Windows NT 10.0; Win64; x64) AppleWebKit/537.36 (KHTML, like Gecko) Chrome/83.0.4103.116 Safari/537.36
WebApplication_BeginRequest

2020-07-09 16:12:23,535 [11] (null) INFO eShopLegacyMVC.Controllers.CatalogController - /, Mozilla/5.0 (Windows NT 10.0; Win64; x64) AppleWebKit/537.36 (KHTML, like Gecko) Chrome/83.0.4103.116 Safari/537.36
Now loading... /Catalog/Index?pageSize=10&pageIndex=0

2020-07-09 16:12:23,548 [11] (null) DEBUG eShopLegacyMVC.Controllers.CatalogController - /, Mozilla/5.0 (Windows NT 10.0; Win64; x64) AppleWebKit/537.36 (KHTML, like Gecko) Chrome/83.0.4103.116 Safari/537.36
Now disposing

2020-07-09 16:12:23,550 [11] (null) DEBUG eShopLegacyMVC.Controllers.CatalogController - /, Mozilla/5.0 (Windows NT 10.0; Win64; x64) AppleWebKit/537.36 (KHTML, like Gecko) Chrome/83.0.4103.116 Safari/537.36
Now disposing

2020-07-09 16:12:23,582 [12] (null) DEBUG eShopLegacyMVC.MvcApplication - /items/1/pic, Mozilla/5.0 (Windows NT 10.0; Win64; x64) AppleWebKit/537.36 (KHTML, like Gecko) Chrome/83.0.4103.116 Safari/537.36
WebApplication_BeginRequest

2020-07-09 16:12:23,583 [12] (null) INFO eShopLegacyMVC.Controllers.PicController - /items/1/pic, Mozilla/5.0 (Windows NT 10.0; Win64; x64) AppleWebKit/537.36 (KHTML, like Gecko) Chrome/83.0.4103.116 Safari/537.36
Now loading... /items/Index?1/pic

2020-07-09 16:33:43,021 [8] (null) DEBUG eShopLegacyMVC.MvcApplication - /, Mozilla/5.0 (Windows NT 10.0; Win64; x64) AppleWebKit/537.36 (KHTML, like Gecko) Chrome/83.0.4103.116 Safari/537.36
WebApplication_BeginRequest

2020-07-09 16:33:43,257 [8] (null) INFO eShopLegacyMVC.Controllers.CatalogController - /, Mozilla/5.0 (Windows NT 10.0; Win64; x64) AppleWebKit/537.36 (KHTML, like Gecko) Chrome/83.0.4103.116 Safari/537.36
Now loading... /Catalog/Index?pageSize=10&pageIndex=0

2020-07-09 16:34:26,016 [8] (null) DEBUG eShopLegacyMVC.Controllers.CatalogController - /, Mozilla/5.0 (Windows NT 10.0; Win64; x64) AppleWebKit/537.36 (KHTML, like Gecko) Chrome/83.0.4103.116 Safari/537.36
Now disposing

2020-07-09 16:34:26,035 [8] (null) DEBUG eShopLegacyMVC.Controllers.CatalogController - /, Mozilla/5.0 (Windows NT 10.0; Win64; x64) AppleWebKit/537.36 (KHTML, like Gecko) Chrome/83.0.4103.116 Safari/537.36
Now disposing

2020-07-09 16:34:26,174 [10] (null) DEBUG eShopLegacyMVC.MvcApplication - /items/1/pic, Mozilla/5.0 (Windows NT 10.0; Win64; x64) AppleWebKit/537.36 (KHTML, like Gecko) Chrome/83.0.4103.116 Safari/537.36
WebApplication_BeginRequest

2020-07-09 16:34:26,188 [8] (null) DEBUG eShopLegacyMVC.MvcApplication - /items/2/pic, Mozilla/5.0 (Windows NT 10.0; Win64; x64) AppleWebKit/537.36 (KHTML, like Gecko) Chrome/83.0.4103.116 Safari/537.36
WebApplication_BeginRequest

2020-07-09 16:34:26,193 [9] (null) DEBUG eShopLegacyMVC.MvcApplication - /items/3/pic, Mozilla/5.0 (Windows NT 10.0; Win64; x64) AppleWebKit/537.36 (KHTML, like Gecko) Chrome/83.0.4103.116 Safari/537.36
WebApplication_BeginRequest

2020-07-09 16:34:26,193 [11] (null) DEBUG eShopLegacyMVC.MvcApplication - /items/4/pic, Mozilla/5.0 (Windows NT 10.0; Win64; x64) AppleWebKit/537.36 (KHTML, like Gecko) Chrome/83.0.4103.116 Safari/537.36
WebApplication_BeginRequest

2020-07-09 16:34:26,222 [30] (null) DEBUG eShopLegacyMVC.MvcApplication - /items/6/pic, Mozilla/5.0 (Windows NT 10.0; Win64; x64) AppleWebKit/537.36 (KHTML, like Gecko) Chrome/83.0.4103.116 Safari/537.36
WebApplication_BeginRequest

2020-07-09 16:34:26,222 [12] (null) DEBUG eShopLegacyMVC.MvcApplication - /items/5/pic, Mozilla/5.0 (Windows NT 10.0; Win64; x64) AppleWebKit/537.36 (KHTML, like Gecko) Chrome/83.0.4103.116 Safari/537.36
WebApplication_BeginRequest

2020-07-09 16:34:26,262 [9] (null) INFO eShopLegacyMVC.Controllers.PicController - /items/3/pic, Mozilla/5.0 (Windows NT 10.0; Win64; x64) AppleWebKit/537.36 (KHTML, like Gecko) Chrome/83.0.4103.116 Safari/537.36
Now loading... /items/Index?3/pic

2020-07-09 16:34:26,287 [10] (null) DEBUG eShopLegacyMVC.MvcApplication - /items/9/pic, Mozilla/5.0 (Windows NT 10.0; Win64; x64) AppleWebKit/537.36 (KHTML, like Gecko) Chrome/83.0.4103.116 Safari/537.36
WebApplication_BeginRequest

2020-07-09 16:34:26,289 [10] (null) INFO eShopLegacyMVC.Controllers.PicController - /items/9/pic, Mozilla/5.0 (Windows NT 10.0; Win64; x64) AppleWebKit/537.36 (KHTML, like Gecko) Chrome/83.0.4103.116 Safari/537.36
Now loading... /items/Index?9/pic

2020-07-09 16:34:26,308 [9] (null) DEBUG eShopLegacyMVC.MvcApplication - /items/10/pic, Mozilla/5.0 (Windows NT 10.0; Win64; x64) AppleWebKit/537.36 (KHTML, like Gecko) Chrome/83.0.4103.116 Safari/537.36
WebApplication_BeginRequest

2020-07-09 16:34:26,309 [9] (null) INFO eShopLegacyMVC.Controllers.PicController - /items/10/pic, Mozilla/5.0 (Windows NT 10.0; Win64; x64) AppleWebKit/537.36 (KHTML, like Gecko) Chrome/83.0.4103.116 Safari/537.36
Now loading... /items/Index?10/pic

2020-07-09 16:34:26,326 [10] (null) DEBUG eShopLegacyMVC.MvcApplication - /items/7/pic, Mozilla/5.0 (Windows NT 10.0; Win64; x64) AppleWebKit/537.36 (KHTML, like Gecko) Chrome/83.0.4103.116 Safari/537.36
WebApplication_BeginRequest

2020-07-09 16:34:26,328 [10] (null) INFO eShopLegacyMVC.Controllers.PicController - /items/7/pic, Mozilla/5.0 (Windows NT 10.0; Win64; x64) AppleWebKit/537.36 (KHTML, like Gecko) Chrome/83.0.4103.116 Safari/537.36
Now loading... /items/Index?7/pic

2020-07-09 16:34:26,340 [9] (null) DEBUG eShopLegacyMVC.MvcApplication - /items/8/pic, Mozilla/5.0 (Windows NT 10.0; Win64; x64) AppleWebKit/537.36 (KHTML, like Gecko) Chrome/83.0.4103.116 Safari/537.36
WebApplication_BeginRequest

2020-07-09 16:34:26,341 [9] (null) INFO eShopLegacyMVC.Controllers.PicController - /items/8/pic, Mozilla/5.0 (Windows NT 10.0; Win64; x64) AppleWebKit/537.36 (KHTML, like Gecko) Chrome/83.0.4103.116 Safari/537.36
Now loading... /items/Index?8/pic

2020-07-09 16:34:26,735 [8] (null) INFO eShopLegacyMVC.Controllers.PicController - (null)
Now loading... /items/Index?4/pic

2020-07-09 16:34:27,234 [29] (null) INFO eShopLegacyMVC.Controllers.PicController - (null)
Now loading... /items/Index?1/pic

2020-07-09 16:34:27,735 [33] (null) INFO eShopLegacyMVC.Controllers.PicController - (null)
Now loading... /items/Index?5/pic

2020-07-09 16:34:28,235 [10] (null) INFO eShopLegacyMVC.Controllers.PicController - (null)
Now loading... /items/Index?6/pic

2020-07-09 16:34:28,735 [11] (null) INFO eShopLegacyMVC.Controllers.PicController - (null)
Now loading... /items/Index?2/pic

2020-07-10 10:16:25,906 [5] (null) DEBUG eShopLegacyMVC.MvcApplication - /, Mozilla/5.0 (Windows NT 10.0; Win64; x64) AppleWebKit/537.36 (KHTML, like Gecko) Chrome/83.0.4103.116 Safari/537.36
WebApplication_BeginRequest

2020-07-10 10:16:26,180 [5] (null) INFO eShopLegacyMVC.Controllers.CatalogController - /, Mozilla/5.0 (Windows NT 10.0; Win64; x64) AppleWebKit/537.36 (KHTML, like Gecko) Chrome/83.0.4103.116 Safari/537.36
Now loading... /Catalog/Index?pageSize=10&pageIndex=0

2020-07-10 10:16:28,845 [5] (null) DEBUG eShopLegacyMVC.Controllers.CatalogController - /, Mozilla/5.0 (Windows NT 10.0; Win64; x64) AppleWebKit/537.36 (KHTML, like Gecko) Chrome/83.0.4103.116 Safari/537.36
Now disposing

2020-07-10 10:16:28,864 [5] (null) DEBUG eShopLegacyMVC.Controllers.CatalogController - /, Mozilla/5.0 (Windows NT 10.0; Win64; x64) AppleWebKit/537.36 (KHTML, like Gecko) Chrome/83.0.4103.116 Safari/537.36
Now disposing

